  [1m[36m (60.1ms)[0m  [1mCREATE TABLE "schema_migrations" ("version" varchar NOT NULL) [0m
  [1m[35m (0.3ms)[0m  select sqlite_version(*)
  [1m[36m (30.9ms)[0m  [1mCREATE UNIQUE INDEX "unique_schema_migrations" ON "schema_migrations" ("version")[0m
  [1m[35mActiveRecord::SchemaMigration Load (0.4ms)[0m  SELECT "schema_migrations".* FROM "schema_migrations"
Migrating to CreateProducts (20150331194440)
  [1m[36m (0.3ms)[0m  [1mbegin transaction[0m
  [1m[35m (0.2ms)[0m  rollback transaction
  [1m[36mActiveRecord::SchemaMigration Load (0.5ms)[0m  [1mSELECT "schema_migrations".* FROM "schema_migrations"[0m
Migrating to CreateProducts (20150331194440)
  [1m[35m (0.2ms)[0m  begin transaction
  [1m[36m (22.5ms)[0m  [1mCREATE TABLE "products" ("id" INTEGER PRIMARY KEY AUTOINCREMENT NOT NULL, "name" varchar, "description" text, "price" decimal(10,2), "target" integer, "pledges" integer, "start" datetime, "end" datetime, "user_id" integer, "created_at" datetime NOT NULL, "updated_at" datetime NOT NULL) [0m
  [1m[35mSQL (1.1ms)[0m  INSERT INTO "schema_migrations" ("version") VALUES (?)  [["version", "20150331194440"]]
  [1m[36m (87.7ms)[0m  [1mcommit transaction[0m
Migrating to CreateUsers (20150331195812)
  [1m[35m (0.2ms)[0m  begin transaction
  [1m[36m (2.2ms)[0m  [1mCREATE TABLE "users" ("id" INTEGER PRIMARY KEY AUTOINCREMENT NOT NULL, "username" varchar, "email" varchar, "first_name" varchar, "last_name" varchar, "password_digest" varchar, "created_at" datetime NOT NULL, "updated_at" datetime NOT NULL) [0m
  [1m[35mSQL (0.8ms)[0m  INSERT INTO "schema_migrations" ("version") VALUES (?)  [["version", "20150331195812"]]
  [1m[36m (89.5ms)[0m  [1mcommit transaction[0m
  [1m[35mActiveRecord::SchemaMigration Load (0.6ms)[0m  SELECT "schema_migrations".* FROM "schema_migrations"
  [1m[36m (0.3ms)[0m  [1mbegin transaction[0m
  [1m[35mUser Exists (1.0ms)[0m  SELECT  1 AS one FROM "users" WHERE LOWER("users"."username") = LOWER('yaboy') LIMIT 1
  [1m[36mUser Exists (0.3ms)[0m  [1mSELECT  1 AS one FROM "users" WHERE LOWER("users"."email") = LOWER('yaboy@yahoo.com') LIMIT 1[0m
  [1m[35m (0.8ms)[0m  rollback transaction
  [1m[36m (0.3ms)[0m  [1mbegin transaction[0m
  [1m[35mUser Exists (0.6ms)[0m  SELECT  1 AS one FROM "users" WHERE LOWER("users"."username") = LOWER('yaboy') LIMIT 1
  [1m[36mUser Exists (0.3ms)[0m  [1mSELECT  1 AS one FROM "users" WHERE LOWER("users"."email") = LOWER('yaboy@yahoo.com') LIMIT 1[0m
  [1m[35mSQL (12.7ms)[0m  INSERT INTO "users" ("username", "email", "password_digest", "first_name", "last_name", "created_at", "updated_at") VALUES (?, ?, ?, ?, ?, ?, ?)  [["username", "yaboy"], ["email", "yaboy@yahoo.com"], ["password_digest", "$2a$10$srIFta4n10fcUSdlHRHj2.euS6GaFzC.truuiDonaOZF146lvtHpq"], ["first_name", "Ya"], ["last_name", "Boy"], ["created_at", "2015-03-31 22:22:18.570649"], ["updated_at", "2015-03-31 22:22:18.570649"]]
  [1m[36m (75.2ms)[0m  [1mcommit transaction[0m
  [1m[36mUser Load (7.6ms)[0m  [1mSELECT "users".* FROM "users"[0m
  [1m[35mUser Load (1.3ms)[0m  SELECT  "users".* FROM "users" WHERE "users"."id" = ? LIMIT 1  [["id", 1]]
